Script started on 2026-04-30 10:10:05-04:00 [COMMAND="bash scripts/run_warehouse_ros2.sh --no-headless" TERM="xterm-256color" TTY="/dev/pts/2" COLUMNS="130" LINES="18"]
[run_warehouse_ros2] ROS_DISTRO=jazzy RMW=rmw_fastrtps_cpp
[run_warehouse_ros2] +LD_LIBRARY_PATH /home/yiyuchenhu/isaacsim_5.1_backup/exts/isaacsim.ros2.bridge/jazzy/lib
[run_warehouse_ros2] ISAAC_SIM_ROOT=/home/yiyuchenhu/isaacsim_5.1_backup
[run_warehouse_ros2] Args:  --no-headless
[run_warehouse_ros2] Isaac Sim pid=1484315 (Ctrl+C here to shut down)
[run_ros2] env ROS_DISTRO='jazzy'
[run_ros2] env RMW_IMPLEMENTATION='rmw_fastrtps_cpp'
[run_ros2] bridge lib on LD_LIBRARY_PATH: True
[run_ros2] headless=False
Starting kit application with the following args:  ['/home/yiyuchenhu/isaacsim_5.1_backup/exts/isaacsim.simulation_app/isaacsim/simulation_app/simulation_app.py', '/home/yiyuchenhu/isaacsim_5.1_backup/apps/isaacsim.exp.base.python.kit', '--/app/tokens/exe-path=/home/yiyuchenhu/isaacsim_5.1_backup/kit', '--/persistent/app/viewport/displayOptions=3094', '--/rtx/materialDb/syncLoads=True', '--/rtx/hydra/materialSyncLoads=True', '--/omni.kit.plugin/syncUsdLoads=True', '--/app/renderer/resolution/width=1280', '--/app/renderer/resolution/height=720', '--/app/window/width=1440', '--/app/window/height=900', '--/renderer/multiGpu/enabled=True', '--/app/fastShutdown=True', '--/app/installSignalHandlers=0', '--ext-folder', '/home/yiyuchenhu/isaacsim_5.1_backup/exts', '--ext-folder', '/home/yiyuchenhu/isaacsim_5.1_backup/apps', '--/physics/cudaDevice=0', '--/plugins/carb.tasking.plugin/threadCount=32', '--/plugins/omni.tbb.globalcontrol/maxThreadCount=32', '--portable']
Passing the following args to the base kit application:  ['--no-headless']
[Info] [carb] Logging to file: /home/yiyuchenhu/isaacsim_5.1_backup/kit/logs/Kit/Isaac-Sim Python/5.1/kit_20260430_101005.log
[1m[93m2026-04-30T14:10:05Z [0ms] [Warning] [carb.crashreporter-breakpad.plugin] [previous crash] preventing upload of minidump due to user opt-out: '/home/yiyuchenhu/isaacsim_5.1_backup/kit/data/Kit/Isaac-Sim Python/5.1/fd64a7d7-8887-4d87-425fcea4-a6d7269e.dmp'
[0m[1m[93m2026-04-30T14:10:05Z [0ms] [Warning] [carb.crashreporter-breakpad.plugin] [previous crash] preventing upload of minidump due to user opt-out: '/home/yiyuchenhu/isaacsim_5.1_backup/kit/data/Kit/Isaac-Sim Python/5.1/210e5dca-cafa-4742-f5683c82-68da25a3.dmp'
[0m[1m[93m2026-04-30T14:10:05Z [0ms] [Warning] [carb.crashreporter-breakpad.plugin] [previous crash] preventing upload of minidump due to user opt-out: '/home/yiyuchenhu/isaacsim_5.1_backup/kit/data/Kit/Isaac-Sim Python/5.1/e91a3173-955e-4ac3-e9ffbdb8-127e87e2.dmp'
[0m[1m[93m2026-04-30T14:10:05Z [1ms] [Warning] [carb.crashreporter-breakpad.plugin] [previous crash] preventing upload of minidump due to user opt-out: '/home/yiyuchenhu/isaacsim_5.1_backup/kit/data/Kit/Isaac-Sim Python/5.1/252cbb10-e011-4877-932ae5ac-dcd65984.dmp'
[0m[0.026s] [ext: omni.kit.async_engine-0.0.3] startup
[0.198s] [ext: omni.metrics.core-0.0.3] startup
[0.198s] [ext: omni.client.lib-1.1.0] startup
[0.206s] [ext: omni.blobkey-1.1.2] startup
[0.206s] [ext: omni.stats-1.0.1] startup
[0.207s] [ext: omni.datastore-0.0.0] startup
[0.211s] [ext: omni.client-1.3.0] startup
[0.213s] [ext: omni.ujitso.default-1.0.0] startup
[0.214s] [ext: omni.hsscclient-1.1.2] startup
[0.216s] [ext: omni.gpu_foundation.shadercache.vulkan-1.0.0] startup
[0.219s] [ext: omni.assets.plugins-0.0.0] startup
[0.219s] [ext: omni.gpu_foundation-0.0.0] startup
[0.224s] [ext: carb.windowing.plugins-1.0.0] startup
[0.229s] [ext: omni.kit.renderer.init-0.0.0] startup
[1m[93m2026-04-30T14:10:06Z [616ms] [Warning] [gpu.foundation.plugin] Skipping unsupported non-NVIDIA GPU: AMD Ryzen 9 9950X3D 16-Core Processor (RADV RAPHAEL_MENDOCINO)
[0m[1m[93m2026-04-30T14:10:06Z [616ms] [Warning] [gpu.foundation.plugin] Skipping unsupported non-NVIDIA GPU: AMD Ryzen 9 9950X3D 16-Core Processor (RADV RAPHAEL_MENDOCINO)
[0m
|---------------------------------------------------------------------------------------------|
| Driver Version: 580.126.09    | Graphics API: Vulkan
|=============================================================================================|
| GPU | Name                             | Active | LDA | GPU Memory | Vendor-ID | LUID       |
|     |                                  |        |     |            | Device-ID | UUID       |
|     |                                  |        |     |            | Bus-ID    |            |
|---------------------------------------------------------------------------------------------|
| 0   | NVIDIA GeForce RTX 5090          | Yes: 0 |     | 32607   MB | 10de      | 0          |
|     |                                  |        |     |            | 2b85      | 557ef7cb.. |
|     |                                  |        |     |            | 1         |            |
|---------------------------------------------------------------------------------------------|
| 1   | AMD Ryzen 9 9950X3D 16-Core Pr.. |        |     | 21993   MB | 1002      | 0          |
|     |                                  |        |     |            | 13c0      | 00000000.. |
|     |                                  |        |     |            | 75        |            |
|=============================================================================================|
| OS: 24.04.3 LTS (Noble Numbat) ubuntu, Version: 24.04.3, Kernel: 6.17.0-22-generic
| XServer Vendor: The X.Org Foundation, XServer Version: 12101011 (1.21.1.11)
| Processor: AMD Ryzen 9 9950X3D 16-Core Processor
| Cores: 16 | Logical Cores: 32
|---------------------------------------------------------------------------------------------|
| Total Memory (MB): 61884 | Free Memory: 47408
| Total Page/Swap (MB): 8191 | Free Page/Swap: 8191
|---------------------------------------------------------------------------------------------|
[1m[93m2026-04-30T14:10:06Z [840ms] [Warning] [gpu.foundation.plugin] IOMMU is enabled.
[0m[1m[93m2026-04-30T14:10:06Z [840ms] [Warning] [gpu.foundation.plugin] Detected IOMMU is enabled. Running CUDA peer-to-peer bandwidth and latency validation.
[0mUnidirectional P2P=Enabled Bandwidth (P2P Writes) Matrix (GB/s)
   D\D     0 
     0 1523.14 
P2P=Enabled Latency (P2P Writes) Matrix (us)
   GPU     0 
     0   2.07 

   CPU     0 
     0   1.86 
[0.962s] [ext: omni.kit.pipapi-0.0.0] startup
[0.963s] [ext: omni.kit.pip_archive-0.0.0] startup
[0.963s] [ext: omni.pip.compute-1.6.3] startup
[0.963s] [ext: omni.materialx.libs-1.0.7] startup
[0.968s] [ext: omni.pip.cloud-1.4.3] startup
[0.970s] [ext: omni.isaac.core_archive-3.0.0] startup
[0.971s] [ext: omni.usd.config-1.0.6] startup
[0.973s] [ext: omni.gpucompute.plugins-0.0.0] startup
[0.973s] [ext: omni.usd.libs-1.0.1] startup
[1.022s] [ext: omni.kit.telemetry-0.5.2] startup
[1.042s] [ext: omni.mdl-56.0.3] startup
[1.113s] [ext: omni.iray.libs-0.0.0] startup
[1.117s] [ext: omni.mdl.neuraylib-0.2.12] startup
[1.119s] [ext: omni.kit.usd.mdl-1.1.5] startup
[1.181s] [ext: omni.isaac.ml_archive-3.0.4] startup
[1.181s] [ext: omni.kit.loop-isaac-1.3.7] startup
[1.182s] [ext: omni.kit.test-2.0.1] startup
[1.215s] [ext: omni.appwindow-1.1.10] startup
[1.686s] [ext: omni.kit.renderer.core-1.1.0] startup
[4.236s] [ext: omni.kit.renderer.capture-0.0.0] startup
[4.237s] [ext: omni.kit.renderer.imgui-2.0.5] startup
[4.321s] [ext: omni.ui-2.27.1] startup
[4.327s] [ext: omni.kit.mainwindow-1.0.3] startup
[4.327s] [ext: carb.audio-0.1.0] startup
[4.330s] [ext: omni.uiaudio-1.0.0] startup
[4.331s] [ext: omni.kit.uiapp-0.0.0] startup
[4.331s] [ext: omni.usd.schema.metrics.assembler-107.3.1] startup
[4.333s] [ext: omni.usd.schema.audio-0.0.0] startup
[4.335s] [ext: omni.anim.graph.schema-107.3.3] startup
[4.341s] [ext: omni.usd_resolver-1.0.0] startup
[4.343s] [ext: omni.usd.core-1.5.3] startup
[4.344s] [ext: omni.usd.schema.render_settings.rtx-0.0.0] startup
[4.354s] [ext: omni.usd.schema.semantics-0.0.0] startup
[4.355s] [ext: isaacsim.robot.schema-3.6.0] startup
[4.359s] [ext: omni.usd.schema.geospatial-0.0.0] startup
[4.361s] [ext: omni.usd.schema.anim-0.0.0] startup
[4.371s] [ext: omni.kit.window.popup_dialog-2.0.24] startup
[4.373s] [ext: usdrt.scenegraph-7.6.1] startup
[4.396s] [ext: omni.timeline-1.0.14] startup
[4.397s] [ext: omni.resourcemonitor-107.0.1] startup
[4.398s] [ext: omni.activity.core-1.0.3] startup
[4.399s] [ext: omni.kit.widget.nucleus_connector-2.0.1] startup
[4.400s] [ext: omni.hydra.usdrt_delegate-7.5.1] startup
[4.403s] [ext: omni.kit.actions.core-1.0.0] startup
[4.405s] [ext: omni.graph.exec-0.9.6] startup
[4.405s] [ext: omni.kit.commands-1.4.10] startup
[4.407s] [ext: omni.kit.usd_undo-0.1.8] startup
[4.407s] [ext: omni.kit.exec.core-0.13.4] startup
[4.408s] [ext: omni.kit.audiodeviceenum-1.0.2] startup
[4.408s] [ext: omni.hydra.scene_delegate-0.3.4] startup
[4.410s] [ext: omni.usd-1.13.10] startup
[4.426s] [ext: omni.kit.asset_converter-5.0.17] startup
[4.433s] [ext: omni.usd.schema.flow-107.1.1] startup
[4.433s] [ext: omni.usd.schema.omnigraph-1.0.0] startup
[4.437s] [ext: omni.usd.schema.omni_sensors-0.0.0] startup
[4.437s] [ext: omni.anim.navigation.schema-107.3.3] startup
[4.439s] [ext: omni.inspect-1.0.2] startup
[4.440s] [ext: omni.kit.notification_manager-1.0.10] startup
[4.441s] [ext: omni.graph.core-2.184.5] startup
[4.442s] [ext: isaacsim.core.deprecation_manager-0.2.7] startup
[4.443s] [ext: omni.usd.schema.physx-107.3.26] startup
[4.464s] [ext: omni.usd.schema.isaac-3.0.5] startup
[4.464s] [ext: omni.usd.schema.omniscripting-1.0.0] startup
[4.467s] [ext: omni.usd.schema.omni_lens_distortion-0.0.0] startup
[4.467s] [ext: omni.kvdb-107.3.26] startup
[4.468s] [ext: omni.usdphysics-107.3.26] startup
[4.469s] [ext: omni.physx.foundation-107.3.26] startup
[4.470s] [ext: omni.localcache-107.3.26] startup
[4.471s] [ext: omni.convexdecomposition-107.3.26] startup
[4.472s] [ext: omni.physx.cooking-107.3.26] startup
[4.474s] [ext: omni.physx-107.3.26] startup
[4.480s] [ext: omni.physics-107.3.26] startup
[4.482s] [ext: omni.kit.usd.layers-2.2.11] startup
[4.486s] [ext: omni.physics.physx-107.3.26] startup
[1m[93m2026-04-30T14:10:10Z [4,478ms] [Warning] [carb] Acquiring non optional plugin interface which is not listed as dependency: [omni::physx::IPhysxBenchmarks v1.0] (plugin: <default plugin>), by client: omni.physics.physx.plugin. Add it to CARB_PLUGIN_IMPL_DEPS() macro of a client.
[0m[4.488s] [ext: omni.physics.stageupdate-107.3.26] startup
[4.489s] [ext: omni.kit.numpy.common-0.1.3] startup
[4.489s] [ext: isaacsim.core.version-2.0.6] startup
[4.490s] [ext: omni.isaac.dynamic_control-2.0.7] startup
[1m[93m2026-04-30T14:10:10Z [4,483ms] [Warning] [omni.isaac.dynamic_control] omni.isaac.dynamic_control is deprecated as of Isaac Sim 4.5. No action is needed from end-users.
[0m[4.492s] [ext: isaacsim.storage.native-1.5.1] startup
[4.493s] [ext: omni.kit.menu.core-1.1.2] startup
[4.494s] [ext: omni.kit.helper.file_utils-0.1.9] startup
[4.495s] [ext: omni.usd.metrics.assembler-107.3.1] startup
[4.500s] [ext: omni.kit.widget.context_menu-1.2.5] startup
[4.500s] [ext: omni.warp.core-1.8.2] startup
[4.619s] [ext: omni.usd.metrics.assembler.physics-107.3.26] startup
[4.620s] [ext: omni.physics.tensors-107.3.26] startup
[4.623s] [ext: omni.kit.context_menu-1.8.6] startup
[4.625s] [ext: omni.kit.clipboard-1.0.5] startup
[4.625s] [ext: isaacsim.core.utils-3.5.1] startup
[4.627s] [ext: omni.kit.widget.filebrowser-2.12.3] startup
[4.630s] [ext: omni.kit.widget.options_menu-1.1.6] startup
[4.631s] [ext: omni.kit.widget.path_field-2.0.11] startup
[4.632s] [ext: omni.index.libs-380600.8087.0] startup
[4.632s] [ext: omni.ui.scene-1.11.5] startup
[4.635s] [ext: omni.kit.widget.options_button-1.0.3] startup
[4.635s] [ext: omni.kit.widget.browser_bar-2.0.10] startup
[4.636s] [ext: omni.index-1.0.1] startup
[4.636s] [ext: omni.hydra.rtx.shadercache.vulkan-1.0.0] startup
[4.637s] [ext: omni.kit.window.filepicker-2.13.4] startup
[4.644s] [ext: omni.volume-0.5.2] startup
[4.646s] [ext: omni.ujitso.client-0.0.0] startup
[4.646s] [ext: omni.graph.tools-1.79.2] startup
[4.660s] [ext: omni.graph.image.core-0.6.1] startup
[4.660s] [ext: omni.hydra.rtx-1.0.0] startup
[1m[93m2026-04-30T14:10:10Z [4,662ms] [Warning] [omni.log] Source: omni.hydra was already registered.
[0m[4.679s] [ext: omni.kit.window.file_importer-1.1.18] startup
[4.681s] [ext: omni.kit.menu.utils-2.0.5] startup
[4.686s] [ext: omni.graph.image.nodes-1.3.1] startup
[4.687s] [ext: omni.kit.widget.searchable_combobox-1.0.6] startup
[4.687s] [ext: omni.kit.hydra_texture-1.4.6] startup
[4.689s] [ext: omni.kit.material.library-2.0.7] startup
[4.692s] [ext: omni.hydra.engine.stats-1.0.3] startup
[4.693s] [ext: omni.kit.viewport.scene_camera_model-1.0.6] startup
[4.695s] [ext: omni.kit.widget.settings-1.2.6] startup
[4.696s] [ext: omni.kit.viewport.legacy_gizmos-1.0.19] startup
[4.698s] [ext: omni.kit.widget.viewport-107.1.3] startup
[4.700s] [ext: omni.kit.viewport.registry-104.0.6] startup
[4.700s] [ext: omni.kit.raycast.query-1.1.0] startup
[4.703s] [ext: omni.physx.tensors-107.3.26] startup
[4.706s] [ext: omni.kit.window.drop_support-1.0.5] startup
[4.706s] [ext: omni.kit.primitive.mesh-1.0.17] startup
[4.708s] [ext: omni.kit.viewport.window-107.2.0] startup
[4.720s] [ext: omni.kit.window.preferences-1.8.0] startup
[4.723s] [ext: isaacsim.core.simulation_manager-1.4.4] startup
[5.501s] [ext: omni.graph.action_core-1.1.7] startup
[5.502s] [ext: omni.graph-1.141.2] startup
[5.528s] [ext: omni.kit.viewport.utility-1.1.2] startup
[5.529s] [ext: omni.kit.viewport.menubar.core-107.2.1] startup
[5.537s] [ext: isaacsim.core.prims-0.6.1] startup
[5.554s] [ext: omni.graph.action_nodes-1.50.4] startup
[5.556s] [ext: omni.kit.stage_template.core-1.1.22] startup
[5.558s] [ext: omni.syntheticdata-0.6.13] startup
[5.578s] [ext: omni.graph.nodes-1.170.10] startup
[5.585s] [ext: omni.graph.action-1.130.0] startup
[5.587s] [ext: omni.kit.stage_templates-2.0.0] startup
[5.598s] [ext: omni.kit.widget.filter-1.1.4] startup
[5.602s] [ext: omni.kit.widget.graph-2.0.0] startup
[5.613s] [ext: omni.kit.property.adapter.core-1.0.2] startup
[5.615s] [ext: omni.kit.window.file_exporter-1.0.33] startup
[5.616s] [ext: omni.kit.widget.searchfield-1.1.8] startup
[5.618s] [ext: omni.kit.hotkeys.core-1.3.10] startup
[5.619s] [ext: omni.kit.graph.delegate.default-1.2.3] startup
[5.619s] [ext: omni.kit.property.adapter.fabric-1.0.3] startup
[5.620s] [ext: omni.kit.widget.stage-3.1.4] startup
[5.628s] [ext: omni.kit.property.adapter.usd-1.0.2] startup
[5.629s] [ext: omni.kit.graph.editor.core-1.5.3] startup
[5.630s] [ext: omni.kit.widget.material_preview-1.0.16] startup
[5.632s] [ext: omni.kit.widget.highlight_label-1.0.3] startup
[5.633s] [ext: omni.kit.window.file-2.0.5] startup
[5.635s] [ext: omni.kit.window.content_browser_registry-0.0.6] startup
[5.636s] [ext: omni.kit.window.property-1.12.1] startup
[5.638s] [ext: omni.kit.window.content_browser-3.1.3] startup
[5.645s] [ext: omni.kit.graph.usd.commands-1.3.1] startup
[5.646s] [ext: omni.kit.property.usd-4.5.12] startup
[5.653s] [ext: omni.graph.ui_nodes-1.50.5] startup
[5.656s] [ext: omni.videoencoding-0.1.2] startup
[5.657s] [ext: omni.kit.window.material_graph-1.9.1] startup
[5.666s] [ext: omni.warp-1.8.2] startup
[5.671s] [ext: isaacsim.core.api-4.8.0] startup
[5.709s] [ext: omni.graph.scriptnode-1.50.0] startup
[5.713s] [ext: isaacsim.test.docstring-1.1.0] startup
[5.722s] [ext: isaacsim.core.experimental.utils-0.3.0] startup
[5.739s] [ext: omni.replicator.core-1.12.27] startup
[1m[93m2026-04-30T14:10:11Z [5,737ms] [Warning] [pxr.Semantics] pxr.Semantics is deprecated - please use Semantics instead
[0mWarp 1.8.2 initialized:
   CUDA Toolkit 12.8, Driver 13.0
   Devices:
     "cpu"      : "x86_64"
     "cuda:0"   : "NVIDIA GeForce RTX 5090" (31 GiB, sm_120, mempool enabled)
   Kernel cache:
     /home/yiyuchenhu/.cache/warp/1.8.2
[1m[93m2026-04-30T14:10:11Z [5,804ms] [Warning] [omni.graph.core.plugin] Found duplicate of category 'Replicator' - was 'Annotators', adding 'Fabric Reader'
[0m[1m[93m2026-04-30T14:10:11Z [5,804ms] [Warning] [omni.graph.core.plugin] Category 'Replicator' not accepted on node type 'omni.replicator.core.FabricReader' in extension 'omni.replicator.core'
[0m[1m[93m2026-04-30T14:10:11Z [5,805ms] [Warning] [omni.replicator.core.scripts.extension] No material configuration file, adding configuration to material settings directly.
[0m[5.817s] [ext: isaacsim.core.experimental.prims-0.8.1] startup
[5.848s] [ext: omni.kit.window.extensions-1.4.27] startup
[5.859s] [ext: isaacsim.core.experimental.objects-0.4.0] startup
[5.869s] [ext: omni.ui_query-1.1.8] startup
[5.872s] [ext: omni.kit.manipulator.viewport-107.0.1] startup
[5.874s] [ext: isaacsim.robot.surface_gripper-3.3.1] startup
[5.878s] [ext: omni.kit.ui_test-1.3.7] startup
[5.884s] [ext: omni.graph.visualization.nodes-2.1.3] startup
[5.956s] [ext: isaacsim.robot_motion.lula-4.0.8] startup
[6.003s] [ext: isaacsim.core.nodes-3.4.3] startup
[6.062s] [ext: isaacsim.gui.components-1.2.1] startup
[6.201s] [ext: isaacsim.robot_motion.motion_generation-8.0.26] startup
Warp DeprecationWarning: The `warp.sim` module is deprecated and will be removed in v1.10. Please transition to using the forthcoming Newton library instead.
[6.233s] [ext: isaacsim.robot.manipulators-3.3.6] startup
[6.241s] [ext: isaacsim.core.experimental.materials-0.4.0] startup
[6.257s] [ext: isaacsim.robot.manipulators.examples-1.1.2] startup
[6.263s] [ext: isaacsim.cortex.framework-1.0.12] startup
[6.268s] [ext: isaacsim.cortex.behaviors-2.0.14] startup
[6.271s] [ext: omni.isaac.cortex.sample_behaviors-2.0.5] startup
[1m[93m2026-04-30T14:10:12Z [6,264ms] [Warning] [omni.isaac.cortex] omni.isaac.cortex has been deprecated in favor of isaacsim.cortex.framework. Please update your code accordingly.
[0m[1m[93m2026-04-30T14:10:12Z [6,264ms] [Warning] [omni.isaac.cortex.sample_behaviors] omni.isaac.cortex.sample_behaviors has been deprecated in favor of isaacsim.cortex.behaviors. Please update your code accordingly.
[0m[6.274s] [ext: omni.kit.widget.zoombar-1.0.6] startup
[6.280s] [ext: isaacsim.gui.content_browser-0.1.11] startup
[6.283s] [ext: omni.kit.browser.core-2.3.13] startup
[6.295s] [ext: omni.kit.widget.stage_icons-1.0.8] startup
[6.297s] [ext: omni.kit.widget.prompt-1.0.7] startup
[6.298s] [ext: omni.kit.usd.collect-2.4.5] startup
[6.301s] [ext: omni.kit.browser.folder.core-1.10.9] startup
[6.312s] [ext: omni.kit.window.stage-2.6.1] startup
[6.325s] [ext: omni.kit.usdz_export-1.0.9] startup
[6.327s] [ext: omni.kit.tool.collect-2.2.18] startup
[6.329s] [ext: omni.kit.menu.stage-1.2.7] startup
[6.330s] [ext: omni.kit.tool.asset_importer-4.3.2] startup
[6.334s] [ext: isaacsim.robot.wheeled_robots-4.0.24] startup
[6.337s] [ext: isaacsim.examples.browser-0.2.1] startup
[6.340s] [ext: isaacsim.asset.importer.urdf-2.4.30] startup
[6.387s] [ext: omni.isaac.wheeled_robots-3.0.7] startup
[1m[93m2026-04-30T14:10:12Z [6,379ms] [Warning] [omni.isaac.wheeled_robots] omni.isaac.wheeled_robots has been deprecated in favor of isaacsim.robot.wheeled_robots. Please update your code accordingly.
[0m[1m[93m2026-04-30T14:10:12Z [6,379ms] [Warning] [omni.isaac.wheeled_robots.controllers] omni.isaac.wheeled_robots has been deprecated in favor of isaacsim.robot.wheeled_robots. Please update your code accordingly.
[0m[1m[93m2026-04-30T14:10:12Z [6,379ms] [Warning] [omni.isaac.wheeled_robots.controllers.ackermann_controller] omni.isaac.wheeled_robots has been deprecated in favor of isaacsim.robot.wheeled_robots. Please update your code accordingly.
[0m[1m[93m2026-04-30T14:10:12Z [6,379ms] [Warning] [omni.isaac.wheeled_robots.controllers.differential_controller] omni.isaac.wheeled_robots has been deprecated in favor of isaacsim.robot.wheeled_robots. Please update your code accordingly.
[0m[1m[93m2026-04-30T14:10:12Z [6,379ms] [Warning] [omni.isaac.wheeled_robots.controllers.holonomic_controller] omni.isaac.wheeled_robots has been deprecated in favor of isaacsim.robot.wheeled_robots. Please update your code accordingly.
[0m[1m[93m2026-04-30T14:10:12Z [6,379ms] [Warning] [omni.isaac.wheeled_robots.controllers.quintic_path_planner] omni.isaac.wheeled_robots has been deprecated in favor of isaacsim.robot.wheeled_robots. Please update your code accordingly.
[0m[1m[93m2026-04-30T14:10:12Z [6,379ms] [Warning] [omni.isaac.wheeled_robots.controllers.stanley_control] omni.isaac.wheeled_robots has been deprecated in favor of isaacsim.robot.wheeled_robots. Please update your code accordingly.
[0m[1m[93m2026-04-30T14:10:12Z [6,380ms] [Warning] [omni.isaac.wheeled_robots.controllers.wheel_base_pose_controller] omni.isaac.wheeled_robots has been deprecated in favor of isaacsim.robot.wheeled_robots. Please update your code accordingly.
[0m[1m[93m2026-04-30T14:10:12Z [6,381ms] [Warning] [omni.isaac.wheeled_robots.impl] omni.isaac.wheeled_robots has been deprecated in favor of isaacsim.robot.wheeled_robots. Please update your code accordingly.
[0m[1m[93m2026-04-30T14:10:12Z [6,381ms] [Warning] [omni.isaac.wheeled_robots.robots] omni.isaac.wheeled_robots has been deprecated in favor of isaacsim.robot.wheeled_robots. Please update your code accordingly.
[0m[1m[93m2026-04-30T14:10:12Z [6,384ms] [Warning] [omni.isaac.wheeled_robots.robots.holonomic_robot_usd_setup] omni.isaac.wheeled_robots has been deprecated in favor of isaacsim.robot.wheeled_robots. Please update your code accordingly.
[0m[1m[93m2026-04-30T14:10:12Z [6,384ms] [Warning] [omni.isaac.wheeled_robots.robots.wheeled_robot] omni.isaac.wheeled_robots has been deprecated in favor of isaacsim.robot.wheeled_robots. Please update your code accordingly.
[0m[6.393s] [ext: isaacsim.simulation_app-2.12.2] startup
[6.395s] [ext: omni.isaac.franka-1.0.7] startup
[1m[93m2026-04-30T14:10:12Z [6,386ms] [Warning] [omni.isaac.franka] omni.isaac.franka has been deprecated in favor of isaacsim.robot.manipulators.examples.franka. Please update your code accordingly.
[0m[1m[93m2026-04-30T14:10:12Z [6,386ms] [Warning] [omni.isaac.franka.franka] omni.isaac.franka has been deprecated in favor of isaacsim.robot.manipulators.examples.franka. Please update your code accordingly.
[0m[1m[93m2026-04-30T14:10:12Z [6,399ms] [Warning] [omni.isaac.franka.kinematics_solver] omni.isaac.franka has been deprecated in favor of isaacsim.robot.manipulators.examples.franka. Please update your code accordingly.
[0m[6.409s] [ext: omni.isaac.kit-2.0.6] startup
[1m[93m2026-04-30T14:10:12Z [6,401ms] [Warning] [omni.isaac.kit] omni.isaac.kit has been deprecated in favor of isaacsim.simulation_app. Please update your code accordingly.
[0m[6.411s] [ext: omni.kit.selection-0.1.6] startup
[6.412s] [ext: omni.isaac.lula-4.0.6] startup
[1m[93m2026-04-30T14:10:12Z [6,403ms] [Warning] [omni.isaac.lula] omni.isaac.lula has been deprecated in favor of isaacsim.robot_motion.lula. Please update your code accordingly.
[0m[6.412s] [ext: isaacsim.robot_motion.lula_test_widget-1.0.12] startup
[6.414s] [ext: isaacsim.asset.browser-1.3.23] startup
[6.471s] [ext: omni.kit.viewport.actions-107.0.2] startup
[6.475s] [ext: isaacsim.gui.menu-2.4.4] startup
[6.479s] [ext: omni.isaac.manipulators-3.0.7] startup
[1m[93m2026-04-30T14:10:12Z [6,471ms] [Warning] [omni.isaac.manipulators] omni.isaac.manipulators has been deprecated in favor of isaacsim.robot.manipulators. Please update your code accordingly.
[0m[1m[93m2026-04-30T14:10:12Z [6,471ms] [Warning] [omni.isaac.manipulators.controllers] omni.isaac.manipulators has been deprecated in favor of isaacsim.robot.manipulators. Please update your code accordingly.
[0m[1m[93m2026-04-30T14:10:12Z [6,471ms] [Warning] [omni.isaac.manipulators.controllers.pick_place_controller] omni.isaac.manipulators has been deprecated in favor of isaacsim.robot.manipulators. Please update your code accordingly.
[0m[1m[93m2026-04-30T14:10:12Z [6,472ms] [Warning] [omni.isaac.manipulators.controllers.stacking_controller] omni.isaac.manipulators has been deprecated in favor of isaacsim.robot.manipulators. Please update your code accordingly.
[0m[1m[93m2026-04-30T14:10:12Z [6,472ms] [Warning] [omni.isaac.manipulators.grippers] omni.isaac.manipulators has been deprecated in favor of isaacsim.robot.manipulators. Please update your code accordingly.
[0m[1m[93m2026-04-30T14:10:12Z [6,472ms] [Warning] [omni.isaac.manipulators.grippers.gripper] omni.isaac.manipulators has been deprecated in favor of isaacsim.robot.manipulators. Please update your code accordingly.
[0m[1m[93m2026-04-30T14:10:12Z [6,472ms] [Warning] [omni.isaac.manipulators.grippers.parallel_gripper] omni.isaac.manipulators has been deprecated in favor of isaacsim.robot.manipulators. Please update your code accordingly.
[0m[1m[93m2026-04-30T14:10:12Z [6,473ms] [Warning] [omni.isaac.manipulators.grippers.surface_gripper] omni.isaac.manipulators has been deprecated in favor of isaacsim.robot.manipulators. Please update your code accordingly.
[0m[1m[93m2026-04-30T14:10:12Z [6,473ms] [Warning] [omni.isaac.manipulators.manipulators] omni.isaac.manipulators has been deprecated in favor of isaacsim.robot.manipulators. Please update your code accordingly.
[0m[1m[93m2026-04-30T14:10:12Z [6,473ms] [Warning] [omni.isaac.manipulators.manipulators.single_manipulator] omni.isaac.manipulators has been deprecated in favor of isaacsim.robot.manipulators. Please update your code accordingly.
[0m[6.482s] [ext: omni.isaac.lula_test_widget-1.0.6] startup
[1m[93m2026-04-30T14:10:12Z [6,474ms] [Warning] [omni.isaac.lula_test_widget] omni.isaac.lula_test_widget has been deprecated in favor of isaacsim.robot_motion.lula_test_widget. Please update your code accordingly.
[0m[6.484s] [ext: omni.isaac.asset_browser-1.0.6] startup
[1m[93m2026-04-30T14:10:12Z [6,476ms] [Warning] [omni.isaac.asset_browser] omni.isaac.asset_browser has been deprecated in favor of isaacsim.asset.browser. Please update your code accordingly.
[0m[6.485s] [ext: omni.kit.viewport.menubar.display-107.0.3] startup
[6.488s] [ext: omni.isaac.menu-1.0.6] startup
[1m[93m2026-04-30T14:10:12Z [6,480ms] [Warning] [omni.isaac.menu] omni.isaac.menu has been deprecated in favor of isaacsim.gui.menu. Please update your code accordingly.
[0m[6.489s] [ext: omni.isaac.motion_generation-8.0.7] startup
[1m[93m2026-04-30T14:10:12Z [6,481ms] [Warning] [omni.isaac.motion_generation] omni.isaac.motion_generation has been deprecated in favor of isaacsim.robot_motion.motion_generation. Please update your code accordingly.
[0m[1m[93m2026-04-30T14:10:12Z [6,481ms] [Warning] [omni.isaac.motion_generation.articulation_kinematics_solver] omni.isaac.motion_generation has been deprecated in favor of isaacsim.robot_motion.motion_generation. Please update your code accordingly.
[0m[1m[93m2026-04-30T14:10:12Z [6,481ms] [Warning] [omni.isaac.motion_generation.articulation_motion_policy] omni.isaac.motion_generation has been deprecated in favor of isaacsim.robot_motion.motion_generation. Please update your code accordingly.
[0m[1m[93m2026-04-30T14:10:12Z [6,482ms] [Warning] [omni.isaac.motion_generation.articulation_trajectory] omni.isaac.motion_generation has been deprecated in favor of isaacsim.robot_motion.motion_generation. Please update your code accordingly.
[0m[1m[93m2026-04-30T14:10:12Z [6,482ms] [Warning] [omni.isaac.motion_generation.kinematics_interface] omni.isaac.motion_generation has been deprecated in favor of isaacsim.robot_motion.motion_generation. Please update your code accordingly.
[0m[1m[93m2026-04-30T14:10:12Z [6,482ms] [Warning] [omni.isaac.motion_generation.lula] omni.isaac.motion_generation has been deprecated in favor of isaacsim.robot_motion.motion_generation. Please update your code accordingly.
[0m[1m[93m2026-04-30T14:10:12Z [6,482ms] [Warning] [omni.isaac.motion_generation.lula.kinematics] omni.isaac.motion_generation has been deprecated in favor of isaacsim.robot_motion.motion_generation. Please update your code accordingly.
[0m[1m[93m2026-04-30T14:10:12Z [6,482ms] [Warning] [omni.isaac.motion_generation.lula.motion_policies] omni.isaac.motion_generation has been deprecated in favor of isaacsim.robot_motion.motion_generation. Please update your code accordingly.
[0m[1m[93m2026-04-30T14:10:12Z [6,482ms] [Warning] [omni.isaac.motion_generation.lula.path_planners] omni.isaac.motion_generation has been deprecated in favor of isaacsim.robot_motion.motion_generation. Please update your code accordingly.
[0m[1m[93m2026-04-30T14:10:12Z [6,482ms] [Warning] [omni.isaac.motion_generation.lula.trajectory_generator] omni.isaac.motion_generation has been deprecated in favor of isaacsim.robot_motion.motion_generation. Please update your code accordingly.
[0m[1m[93m2026-04-30T14:10:12Z [6,482ms] [Warning] [omni.isaac.motion_generation.motion_policy_controller] omni.isaac.motion_generation has been deprecated in favor of isaacsim.robot_motion.motion_generation. Please update your code accordingly.
[0m[1m[93m2026-04-30T14:10:12Z [6,482ms] [Warning] [omni.isaac.motion_generation.motion_policy_interface] omni.isaac.motion_generation has been deprecated in favor of isaacsim.robot_motion.motion_generation. Please update your code accordingly.
[0m[1m[93m2026-04-30T14:10:12Z [6,482ms] [Warning] [omni.isaac.motion_generation.path_planner_visualizer] omni.isaac.motion_generation has been deprecated in favor of isaacsim.robot_motion.motion_generation. Please update your code accordingly.
[0m[1m[93m2026-04-30T14:10:12Z [6,483ms] [Warning] [omni.isaac.motion_generation.path_planning_interface] omni.isaac.motion_generation has been deprecated in favor of isaacsim.robot_motion.motion_generation. Please update your code accordingly.
[0m[1m[93m2026-04-30T14:10:12Z [6,483ms] [Warning] [omni.isaac.motion_generation.trajectory] omni.isaac.motion_generation has been deprecated in favor of isaacsim.robot_motion.motion_generation. Please update your code accordingly.
[0m[1m[93m2026-04-30T14:10:12Z [6,483ms] [Warning] [omni.isaac.motion_generation.world_interface] omni.isaac.motion_generation has been deprecated in favor of isaacsim.robot_motion.motion_generation. Please update your code accordingly.
[0m[6.492s] [ext: omni.isaac.assets_check-0.3.13] startup
[1m[93m2026-04-30T14:10:12Z [6,484ms] [Warning] [omni.isaac.assets_check] omni.isaac.assets_check has been deprecated in favor of isaacsim.asset.browser. Please update your code accordingly.
[0m[6.493s] [ext: isaacsim.gui.sensors.icon-2.0.3] startup
[6.503s] [ext: isaacsim.asset.importer.mjcf-2.5.13] startup
[6.507s] [ext: omni.sensors.nv.common-3.0.0] startup
[6.514s] [ext: isaacsim.sensors.physics-0.4.3] startup
[6.519s] [ext: omni.sensors.net-1.0.0] startup
[6.521s] [ext: omni.isaac.nucleus-1.0.6] startup
[1m[93m2026-04-30T14:10:12Z [6,512ms] [Warning] [omni.isaac.nucleus] omni.isaac.nucleus has been deprecated in favor of isaacsim.storage.native. Please update your code accordingly.
[0m[1m[93m2026-04-30T14:10:12Z [6,513ms] [Warning] [omni.isaac.nucleus.nucleus] omni.isaac.nucleus.nucleus has been deprecated in favor of isaacsim.storage.native. Please update your code accordingly.
[0m[6.522s] [ext: omni.sensors.nv.materials-2.0.0] startup
[6.525s] [ext: isaacsim.robot.policy.examples-4.1.11] startup
[6.527s] [ext: omni.sensors.nv.wpm-3.0.0] startup
[6.528s] [ext: omni.sensors.nv.lidar-3.0.0] startup
[6.532s] [ext: isaacsim.util.debug_draw-3.1.0] startup
[6.535s] [ext: omni.sensors.nv.radar-3.0.0] startup
[6.537s] [ext: omni.sensors.nv.ids-2.0.0] startup
[6.538s] [ext: isaacsim.core.cloner-1.4.10] startup
[6.539s] [ext: isaacsim.sensors.physx-2.3.2] startup
[6.542s] [ext: isaacsim.sensors.rtx-15.8.4] startup
[6.548s] [ext: isaacsim.sensors.camera-1.3.6] startup
[6.554s] [ext: omni.isaac.quadruped-3.0.7] startup
[1m[93m2026-04-30T14:10:12Z [6,547ms] [Warning] [omni.isaac.quadruped] omni.isaac.quadruped has been deprecated in favor of isaacsim.robot.policy.examples. Please update your code accordingly.
[0m[6.557s] [ext: omni.isaac.cloner-1.0.7] startup
[1m[93m2026-04-30T14:10:12Z [6,548ms] [Warning] [omni.isaac.cloner] omni.isaac.cloner has been deprecated in favor of isaacsim.core.cloner. Please update your code accordingly.
[0m[6.559s] [ext: omni.isaac.range_sensor-4.0.6] startup
[1m[93m2026-04-30T14:10:12Z [6,551ms] [Warning] [omni.isaac.range_sensor] omni.isaac.range_sensor has been deprecated in favor of isaacsim.sensors.physx. Please update your code accordingly.
[0m[1m[93m2026-04-30T14:10:12Z [6,551ms] [Warning] [omni.isaac.range_sensor.commands] omni.isaac.range_sensor.commands has been deprecated in favor of isaacsim.sensors.physx.commands. Please update your code accordingly.
[0m[6.562s] [ext: omni.isaac.sensor-13.0.7] startup
[1m[93m2026-04-30T14:10:12Z [6,554ms] [Warning] [omni.isaac.sensor] omni.isaac.sensor has been deprecated in favor of isaacsim.sensors.camera, isaacsim.sensors.physics, isaacsim.sensors.physx, and isaacsim.sensors.rtx. Please update your code accordingly.
[0m[1m[93m2026-04-30T14:10:12Z [6,554ms] [Warning] [omni.isaac.sensor.camera] omni.isaac.sensor.camera has been deprecated in favor of isaacsim.sensors.camera.camera. Please update your code accordingly.
[0m[1m[93m2026-04-30T14:10:12Z [6,555ms] [Warning] [omni.isaac.sensor.camera_view] omni.isaac.sensor.camera_view has been deprecated in favor of isaacsim.sensors.camera.camera_view. Please update your code accordingly.
[0m[1m[93m2026-04-30T14:10:12Z [6,556ms] [Warning] [omni.isaac.sensor.commands] omni.isaac.sensor.commands has been deprecated in favor of isaacsim.sensors.physics.commands, isaacsim.sensors.physx.commands, and isaacsim.sensors.rtx.commands. Please update your code accordingly.
[0m[1m[93m2026-04-30T14:10:12Z [6,556ms] [Warning] [omni.isaac.sensor.contact_sensor] omni.isaac.sensor.contact_sensor has been deprecated in favor of isaacsim.sensors.physics.contact_sensor. Please update your code accordingly.
[0m[1m[93m2026-04-30T14:10:12Z [6,556ms] [Warning] [omni.isaac.sensor.imu_sensor] omni.isaac.sensor.imu_sensor has been deprecated in favor of isaacsim.sensors.physics.imu_sensor. Please update your code accordingly.
[0m[1m[93m2026-04-30T14:10:12Z [6,556ms] [Warning] [omni.isaac.sensor.lidar_rtx] omni.isaac.sensor.lidar_rtx has been deprecated in favor of isaacsim.sensors.rtx.lidar_rtx. Please update your code accordingly.
[0m[1m[93m2026-04-30T14:10:12Z [6,556ms] [Warning] [omni.isaac.sensor.rotating_lidar_physX] omni.isaac.sensor.imu_sensor has been deprecated in favor of isaacsim.sensors.physix.rotating_lidar_physX. Please update your code accordingly.
[0m[1m[93m2026-04-30T14:10:12Z [6,556ms] [Warning] [omni.isaac.sensor.scripts.samples.contact_sensor] omni.isaac.sensor.scripts.samples.contact_sensor has been deprecated in favor of isaacsim.sensors.physics.scripts.samples.contact_sensor. Please update your code accordingly.
[0m[1m[93m2026-04-30T14:10:12Z [6,556ms] [Warning] [omni.isaac.sensor.scripts.samples.imu_sensor] omni.isaac.sensor.scripts.samples.imu_sensor has been deprecated in favor of isaacsim.sensors.physics.scripts.samples.imu_sensor. Please update your code accordingly.
[0m[1m[93m2026-04-30T14:10:12Z [6,556ms] [Warning] [omni.isaac.sensor.scripts.samples.lightbeam_sensor] omni.isaac.sensor.scripts.samples.lightbeam_sensor has been deprecated in favor of isaacsim.sensors.physx.scripts.samples.lightbeam_sensor. Please update your code accordingly.
[0m[6.566s] [ext: omni.kit.menu.create-2.0.1] startup
[6.571s] [ext: omni.kit.widget.toolbar-2.0.1] startup
[6.577s] [ext: omni.kit.manipulator.transform-107.0.0] startup
[6.580s] [ext: omni.isaac.core-4.0.7] startup
[1m[93m2026-04-30T14:10:12Z [6,571ms] [Warning] [omni.isaac.core.physics_context.physics_context] omni.isaac.core.physics_context.physics_context has been deprecated in favor of isaacsim.core.api.physics_context.physics_context. Please update your code accordingly.
[0m[1m[93m2026-04-30T14:10:12Z [6,572ms] [Warning] [omni.isaac.core.simulation_context.simulation_context] omni.isaac.core.simulation_context.simulation_context has been deprecated in favor of isaacsim.core.api.simulation_context.simulation_context. Please update your code accordingly.
[0m[1m[93m2026-04-30T14:10:12Z [6,572ms] [Warning] [omni.isaac.core.world.world] omni.isaac.core.world.world has been deprecated in favor of isaacsim.core.api.world.world. Please update your code accordingly.
[0m[1m[93m2026-04-30T14:10:12Z [6,572ms] [Warning] [omni.isaac.core] omni.isaac.core has been deprecated in favor of isaacsim.core.api. Please update your code accordingly.
[0m[6.581s] [ext: omni.kit.scripting-107.3.2] startup
[6.586s] [ext: omni.kit.manipulator.tool.snap-1.5.13] startup
[6.589s] [ext: omni.kit.manipulator.selector-1.1.3] startup
[6.590s] [ext: isaacsim.app.about-2.0.11] startup
[6.594s] [ext: isaacsim.replicator.behavior-1.1.16] startup
[6.595s] [ext: omni.kit.viewport.manipulator.transform-107.0.4] startup
[6.597s] [ext: omni.isaac.window.about-2.0.7] startup
[1m[93m2026-04-30T14:10:12Z [6,589ms] [Warning] [omni.isaac.window.about] omni.isaac.window.about has been deprecated in favor of isaacsim.app.about. Please update your code accordingly.
[0m[1m[93m2026-04-30T14:10:12Z [6,589ms] [Warning] [omni.isaac.window.about.about] omni.isaac.window.about.about has been deprecated in favor of isaacsim.app.about.about. Please update your code accordingly.
[0m[6.598s] [ext: omni.fabric.commands-1.1.6] startup
[6.600s] [ext: omni.kit.manipulator.prim.core-107.0.8] startup
[6.605s] [ext: omni.kit.property.audio-1.0.16] startup
[6.606s] [ext: omni.kit.property.camera-1.0.10] startup
[6.608s] [ext: omni.kit.property.geometry-2.0.4] startup
[6.610s] [ext: omni.hydra.scene_api-0.1.2] startup
[6.613s] [ext: omni.kit.property.light-1.0.12] startup
[6.635s] [ext: omni.kit.manipulator.prim.fabric-107.0.4] startup
[6.637s] [ext: omni.kit.manipulator.prim.usd-107.0.3] startup
[6.639s] [ext: omni.kit.property.material-1.11.9] startup
[6.642s] [ext: omni.kit.property.render-1.2.1] startup
[6.643s] [ext: omni.kit.property.transform-1.5.13] startup
[6.646s] [ext: isaacsim.gui.property-1.1.3] startup
[6.648s] [ext: omni.kit.manipulator.camera-106.0.4] startup
[6.650s] [ext: omni.kit.manipulator.prim-107.0.0] startup
[6.651s] [ext: omni.isaac.surface_gripper-2.0.6] startup
[1m[93m2026-04-30T14:10:12Z [6,642ms] [Warning] [omni.isaac.surface_gripper] omni.isaac.surface_gripper has been deprecated in favor of isaacsim.robot.surface_gripper. Please update your code accordingly.
[0m[6.651s] [ext: omni.kit.manipulator.selection-106.0.1] startup
[6.654s] [ext: omni.kit.property.bundle-1.4.1] startup
[6.655s] [ext: omni.kit.property.isaac-1.0.6] startup
[1m[93m2026-04-30T14:10:12Z [6,646ms] [Warning] [omni.kit.property.isaac] omni.kit.property.isaac has been deprecated in favor of isaacsim.gui.property. Please update your code accordingly.
[0m[1m[93m2026-04-30T14:10:12Z [6,646ms] [Warning] [omni.kit.property.isaac.widgets] omni.kit.property.isaac.widgets has been deprecated in favor of isaacsim.gui.property.widgets. Please update your code accordingly.
[0m[6.656s] [ext: omni.isaac.universal_robots-1.0.6] startup
[1m[93m2026-04-30T14:10:12Z [6,647ms] [Warning] [omni.isaac.universal_robots] omni.isaac.universal_robots has been deprecated in favor of isaacsim.robot.manipulators.examples.universal_robots. Please update your code accordingly.
[0m[1m[93m2026-04-30T14:10:12Z [6,647ms] [Warning] [omni.isaac.universal_robots.kinematics_solver] omni.isaac.franka has been deprecated in favor of isaacsim.robot.manipulators.examples.universal_robots. Please update your code accordingly.
[0m[1m[93m2026-04-30T14:10:12Z [6,648ms] [Warning] [omni.isaac.universal_robots.ur10] omni.isaac.franka has been deprecated in favor of isaacsim.robot.manipulators.examples.universal_robots. Please update your code accordingly.
[0m[6.657s] [ext: omni.isaac.core_nodes-2.0.6] startup
[1m[93m2026-04-30T14:10:12Z [6,649ms] [Warning] [omni.isaac.core_nodes] omni.isaac.core_nodes has been deprecated in favor of isaacsim.core.nodes. Please update your code accordingly.
[0m[6.659s] [ext: omni.kit.viewport.menubar.camera-107.0.6] startup
[6.664s] [ext: omni.kit.viewport.menubar.lighting-107.3.1] startup
[6.667s] [ext: isaacsim.replicator.writers-1.0.17] startup
[6.677s] [ext: omni.kit.viewport.menubar.render-107.0.10] startup
[6.680s] [ext: omni.kit.viewport.menubar.settings-107.0.3] startup
[6.686s] [ext: omni.kit.window.console-1.1.4] startup
[6.692s] [ext: isaacsim.replicator.domain_randomization-1.0.16] startup
[6.693s] [ext: isaacsim.replicator.examples-1.3.6] startup
[6.695s] [ext: omni.ocio-0.1.1] startup
[6.697s] [ext: omni.rtx.window.settings-0.6.19] startup
[6.706s] [ext: omni.kit.window.status_bar-0.1.9] startup
[6.711s] [ext: omni.kit.window.toolbar-2.0.0] startup
[6.716s] [ext: omni.replicator.isaac-2.0.8] startup
[1m[93m2026-04-30T14:10:12Z [6,708ms] [Warning] [omni.replicator.isaac] omni.replicator.isaac has been deprecated in favor of isaacsim.replicator.domain_randomization, isaacsim.replicator.examples, isaacsim.replicator.writers. Please update your code accordingly.
[0m[6.717s] [ext: omni.replicator.replicator_yaml-2.0.11] startup
[6.729s] [ext: omni.rtx.settings.core-0.6.5] startup
[6.735s] [ext: omni.usd.metrics.assembler.ui-107.3.1] startup
[6.742s] [ext: omni.isaac.utils-2.0.6] startup
[6.743s] [ext: semantics.schema.editor-2.0.2] startup
[6.747s] [ext: omni.kit.ui.actions-1.0.5] startup
[6.748s] [ext: semantics.schema.property-2.0.1] startup
[6.749s] [ext: omni.isaac.version-2.0.7] startup
[1m[93m2026-04-30T14:10:12Z [6,740ms] [Warning] [omni.isaac.version] omni.isaac.version has been deprecated in favor of isaacsim.core.version. Please update your code accordingly.
[0m[6.750s] [ext: omni.isaac.cortex-1.0.5] startup
[6.751s] [ext: omni.anim.curve.core-1.3.1] startup
[6.758s] [ext: isaacsim.core.throttling-2.2.2] startup
[6.760s] [ext: omni.kit.menu.common-2.0.1] startup
[6.762s] [ext: isaacsim.exp.base-5.1.0] startup
[6.762s] [ext: isaacsim.exp.base.python-5.1.0] startup
[6.763s] Simulation App Starting
[1m[93m2026-04-30T14:10:13Z [7,126ms] [Warning] [omni.fabric.plugin] Warning: attribute viewportHandle not found for bucket id 9

[0m[1m[93m2026-04-30T14:10:13Z [7,150ms] [Warning] [usdrt.population.plugin] [UsdNoticeHandler] Unhandled attribute type VtArray<std::string> (prim attribute: omni:rtx:material:db:flattener:ior_constant)
[0m[1m[93m2026-04-30T14:10:13Z [7,150ms] [Warning] [usdrt.population.plugin] [UsdNoticeHandler] Unhandled attribute type VtArray<std::string> (prim attribute: omni:rtx:material:db:flattener:reflection_roughness_constant)
[0m[1m[93m2026-04-30T14:10:13Z [7,150ms] [Warning] [usdrt.population.plugin] [UsdNoticeHandler] Unhandled attribute type VtArray<std::string> (prim attribute: omni:rtx:material:db:flattener:transmittance_color)
[0m[7.212s] app ready
[8.929s] Simulation App Startup Complete
[8.937s] [ext: isaacsim.ros2.bridge-4.12.4] startup
[9.299s] Attempting to load system rclpy
[9.317s] Could not import system rclpy: No module named 'rclpy._rclpy_pybind11'
The C extension '/opt/ros/jazzy/lib/python3.12/site-packages/_rclpy_pybind11.cpython-311-x86_64-linux-gnu.so' isn't present on the system. Please refer to 'https://docs.ros.org/en/jazzy/How-To-Guides/Installation-Troubleshooting.html#import-failing-without-library-present-on-the-system' for possible solutions
[9.318s] Attempting to load internal rclpy for ROS Distro: jazzy
[9.319s] Could not import internal rclpy: No module named 'rclpy._rclpy_pybind11'
The C extension '/opt/ros/jazzy/lib/python3.12/site-packages/_rclpy_pybind11.cpython-311-x86_64-linux-gnu.so' isn't present on the system. Please refer to 'https://docs.ros.org/en/jazzy/How-To-Guides/Installation-Troubleshooting.html#import-failing-without-library-present-on-the-system' for possible solutions
[9.319s] To use the internal libraries included with the extension please set the following environment variables to use with FastDDS (default) or CycloneDDS before starting Isaac Sim:

FastDDS (default):
export ROS_DISTRO=jazzy
export RMW_IMPLEMENTATION=rmw_fastrtps_cpp
export LD_LIBRARY_PATH=$LD_LIBRARY_PATH:/jazzy/lib

OR

CycloneDDS:
export ROS_DISTRO=jazzy
export RMW_IMPLEMENTATION=rmw_cyclonedds_cpp
export LD_LIBRARY_PATH=$LD_LIBRARY_PATH:/jazzy/lib


[1m[93m2026-04-30T14:10:15Z [9,311ms] [Warning] [jazzy.rclpy] Could not import rclpy
[0m[run_ros2] carb: publish_without_verification=True
[run_ros2] Building warehouse scene (fresh stage)...
[warehouse] Walls built. Room is FULLY ENCLOSED, height=2.5 m
[warehouse] Referenced http://omniverse-content-production.s3-us-west-2.amazonaws.com/Assets/ArchVis/Residential/Furniture/DiningSets/EastRural/EastRural_Table.usd -> /World/Table
[1m[93m2026-04-30T14:10:16Z [10,195ms] [Warning] [omni.usd] Coding Error: in SetEditTarget at line 3849 of /builds/omniverse/usd-ci/USD/pxr/usd/usd/stage.cpp -- Layer @metrics:UnitsAdjust-d60933ff359da4b06d987bee2062e8bc.metricsAssembler@ is not in the local LayerStack rooted at @anon:0x1f5fdd30:World0.usd@

[0m[1m[93m2026-04-30T14:10:16Z [10,195ms] [Warning] [omni.usd] Coding Error: in SetEditTarget at line 3849 of /builds/omniverse/usd-ci/USD/pxr/usd/usd/stage.cpp -- Layer @metrics:UnitsAdjust-d60933ff359da4b06d987bee2062e8bc.metricsAssembler@ is not in the local LayerStack rooted at @anon:0x1f5fdd30:World0.usd@

[0m[1m[93m2026-04-30T14:10:16Z [10,195ms] [Warning] [omni.usd] Coding Error: in SetEditTarget at line 3849 of /builds/omniverse/usd-ci/USD/pxr/usd/usd/stage.cpp -- Layer @metrics:UnitsAdjust-d60933ff359da4b06d987bee2062e8bc.metricsAssembler@ is not in the local LayerStack rooted at @anon:0x1f5fdd30:World0.usd@

[0m[1m[93m2026-04-30T14:10:16Z [10,195ms] [Warning] [omni.usd] Coding Error: in SetEditTarget at line 3849 of /builds/omniverse/usd-ci/USD/pxr/usd/usd/stage.cpp -- Layer @metrics:UnitsAdjust-d60933ff359da4b06d987bee2062e8bc.metricsAssembler@ is not in the local LayerStack rooted at @anon:0x1f5fdd30:World0.usd@

[0m[1m[93m2026-04-30T14:10:16Z [10,195ms] [Warning] [omni.usd] Coding Error: in SetEditTarget at line 3849 of /builds/omniverse/usd-ci/USD/pxr/usd/usd/stage.cpp -- Layer @metrics:UnitsAdjust-d60933ff359da4b06d987bee2062e8bc.metricsAssembler@ is not in the local LayerStack rooted at @anon:0x1f5fdd30:World0.usd@

[0m[1m[93m2026-04-30T14:10:16Z [10,195ms] [Warning] [omni.usd] Coding Error: in SetEditTarget at line 3849 of /builds/omniverse/usd-ci/USD/pxr/usd/usd/stage.cpp -- Layer @metrics:UnitsAdjust-d60933ff359da4b06d987bee2062e8bc.metricsAssembler@ is not in the local LayerStack rooted at @anon:0x1f5fdd30:World0.usd@

[0m[1m[93m2026-04-30T14:10:16Z [10,195ms] [Warning] [omni.usd] Coding Error: in SetEditTarget at line 3849 of /builds/omniverse/usd-ci/USD/pxr/usd/usd/stage.cpp -- Layer @metrics:UnitsAdjust-d60933ff359da4b06d987bee2062e8bc.metricsAssembler@ is not in the local LayerStack rooted at @anon:0x1f5fdd30:World0.usd@

[0m[1m[93m2026-04-30T14:10:16Z [10,195ms] [Warning] [omni.usd] Coding Error: in SetEditTarget at line 3849 of /builds/omniverse/usd-ci/USD/pxr/usd/usd/stage.cpp -- Layer @metrics:UnitsAdjust-d60933ff359da4b06d987bee2062e8bc.metricsAssembler@ is not in the local LayerStack rooted at @anon:0x1f5fdd30:World0.usd@

[0m[warehouse] Referenced http://omniverse-content-production.s3-us-west-2.amazonaws.com/Assets/ArchVis/Residential/Furniture/DiningSets/EastRural/EastRural_Chair.usd -> /World/Chair
[warehouse] Referenced Isaac/Robots/Unitree/Go2/go2.usd -> /World/Go2
[1m[93m2026-04-30T14:10:16Z [10,407ms] [Warning] [omni.usd] Coding Error: in SetEditTarget at line 3849 of /builds/omniverse/usd-ci/USD/pxr/usd/usd/stage.cpp -- Layer @metrics:UnitsAdjust-d60933ff359da4b06d987bee2062e8bc.metricsAssembler@ is not in the local LayerStack rooted at @anon:0x1f5fdd30:World0.usd@

[0m[1m[93m2026-04-30T14:10:16Z [10,407ms] [Warning] [omni.usd] Coding Error: in SetEditTarget at line 3849 of /builds/omniverse/usd-ci/USD/pxr/usd/usd/stage.cpp -- Layer @metrics:UnitsAdjust-d60933ff359da4b06d987bee2062e8bc.metricsAssembler@ is not in the local LayerStack rooted at @anon:0x1f5fdd30:World0.usd@

[0m[1m[93m2026-04-30T14:10:16Z [10,407ms] [Warning] [omni.usd] Coding Error: in SetEditTarget at line 3849 of /builds/omniverse/usd-ci/USD/pxr/usd/usd/stage.cpp -- Layer @metrics:UnitsAdjust-d60933ff359da4b06d987bee2062e8bc.metricsAssembler@ is not in the local LayerStack rooted at @anon:0x1f5fdd30:World0.usd@

[0m[1m[93m2026-04-30T14:10:16Z [10,407ms] [Warning] [omni.usd] Coding Error: in SetEditTarget at line 3849 of /builds/omniverse/usd-ci/USD/pxr/usd/usd/stage.cpp -- Layer @metrics:UnitsAdjust-d60933ff359da4b06d987bee2062e8bc.metricsAssembler@ is not in the local LayerStack rooted at @anon:0x1f5fdd30:World0.usd@

[0m[1m[93m2026-04-30T14:10:16Z [10,407ms] [Warning] [omni.usd] Coding Error: in SetEditTarget at line 3849 of /builds/omniverse/usd-ci/USD/pxr/usd/usd/stage.cpp -- Layer @metrics:UnitsAdjust-d60933ff359da4b06d987bee2062e8bc.metricsAssembler@ is not in the local LayerStack rooted at @anon:0x1f5fdd30:World0.usd@

[0m[1m[93m2026-04-30T14:10:16Z [10,407ms] [Warning] [omni.usd] Coding Error: in SetEditTarget at line 3849 of /builds/omniverse/usd-ci/USD/pxr/usd/usd/stage.cpp -- Layer @metrics:UnitsAdjust-d60933ff359da4b06d987bee2062e8bc.metricsAssembler@ is not in the local LayerStack rooted at @anon:0x1f5fdd30:World0.usd@

[0m[1m[93m2026-04-30T14:10:16Z [10,407ms] [Warning] [omni.usd] Coding Error: in SetEditTarget at line 3849 of /builds/omniverse/usd-ci/USD/pxr/usd/usd/stage.cpp -- Layer @metrics:UnitsAdjust-d60933ff359da4b06d987bee2062e8bc.metricsAssembler@ is not in the local LayerStack rooted at @anon:0x1f5fdd30:World0.usd@

[0m[1m[93m2026-04-30T14:10:16Z [10,407ms] [Warning] [omni.usd] Coding Error: in SetEditTarget at line 3849 of /builds/omniverse/usd-ci/USD/pxr/usd/usd/stage.cpp -- Layer @metrics:UnitsAdjust-d60933ff359da4b06d987bee2062e8bc.metricsAssembler@ is not in the local LayerStack rooted at @anon:0x1f5fdd30:World0.usd@

[0m[1m[93m2026-04-30T14:10:17Z [11,099ms] [Warning] [omni.hydra] Mesh '/World/Go2/base_white/visuals' has corrupted data in primvar 'st': buffer size 36 doesn't match expected size 493356 in faceVarying primvars
[0m[1m[93m2026-04-30T14:10:17Z [11,099ms] [Warning] [omni.hydra] Mesh '/World/Go2/base_black/visuals' has corrupted data in primvar 'st_4': buffer size 17004 doesn't match expected size 59280 in faceVarying primvars
[0m[1m[93m2026-04-30T14:10:17Z [11,099ms] [Warning] [omni.hydra] Mesh '/World/Go2/base/visuals' has corrupted data in primvar 'st': buffer size 169893 doesn't match expected size 178410 in faceVarying primvars
[0m[1m[93m2026-04-30T14:10:17Z [11,099ms] [Warning] [omni.hydra] Mesh '/World/Go2/base_white/visuals' has corrupted data in primvar 'st_1': buffer size 36 doesn't match expected size 493356 in faceVarying primvars
[0m[1m[93m2026-04-30T14:10:17Z [11,099ms] [Warning] [omni.hydra] Mesh '/World/Go2/base_black/visuals' has corrupted data in primvar 'st_2': buffer size 30390 doesn't match expected size 59280 in faceVarying primvars
[0m[1m[93m2026-04-30T14:10:17Z [11,100ms] [Warning] [omni.hydra] Mesh '/World/Go2/base/visuals' has corrupted data in primvar 'st_2': buffer size 2502 doesn't match expected size 178410 in faceVarying primvars
[0m[1m[93m2026-04-30T14:10:17Z [11,100ms] [Warning] [omni.hydra] Mesh '/World/Go2/base_black/visuals' has corrupted data in primvar 'st_1': buffer size 11886 doesn't match expected size 59280 in faceVarying primvars
[0m[1m[93m2026-04-30T14:10:17Z [11,100ms] [Warning] [omni.hydra] Mesh '/World/Go2/base/visuals' has corrupted data in primvar 'st_1': buffer size 6015 doesn't match expected size 178410 in faceVarying primvars
[0m[1m[93m2026-04-30T14:10:17Z [11,141ms] [Warning] [omni.physx.plugin] Detected an articulation at /World/Go2/base with more than 4 velocity iterations being added to a TGS scene.The related behavior changed recently, please consult the changelog. This warning will only print once.
[0m[run_ros2] Scene built.
[run_ros2] Camera created at /World/Go2/base/front_cam
[run_ros2] IMU prim created at /World/Go2/base/imu
[run_ros2] IMU registered with sensor interface at /World/Go2/base/imu
[run_ros2] LiDAR ('OS1_REV6_32ch10hz1024res') OmniLidar prim at /World/Go2/base/lidar/sensor (parent Xform at /World/Go2/base/lidar)
[run_ros2] LiDAR RenderProduct created at /Render/OmniverseKit/HydraTextures/Go2LidarRP
[run_ros2] RenderProduct created at /Render/OmniverseKit/HydraTextures/Replicator  (1280x720)
[run_ros2]   created RunOne       -> isaacsim.core.nodes.OgnIsaacRunOneSimulationFrame
[run_ros2]   created SimTime      -> isaacsim.core.nodes.IsaacReadSimulationTime
[1m[93m2026-04-30T14:10:17Z [11,692ms] [Warning] [omni.timeline.plugin] Deprecated: direct use of ITimeline callbacks is deprecated. Use ITimeline::getTimeline (Python: omni.timeline.get_timeline_interface) instead.
[0m[run_ros2]   created ComputeOdom  -> isaacsim.core.nodes.IsaacComputeOdometry
[run_ros2]   created ReadIMU      -> isaacsim.sensors.physics.IsaacReadIMU
[run_ros2]   created Ctx          -> isaacsim.ros2.bridge.ROS2Context
[run_ros2]   created PubClock     -> isaacsim.ros2.bridge.ROS2PublishClock
[run_ros2]   created CamRGB       -> isaacsim.ros2.bridge.ROS2CameraHelper
[run_ros2]   created CamDepth     -> isaacsim.ros2.bridge.ROS2CameraHelper
[run_ros2]   created CamInfo      -> isaacsim.ros2.bridge.ROS2CameraInfoHelper
[run_ros2]   created CamInfoDepth -> isaacsim.ros2.bridge.ROS2CameraInfoHelper
[run_ros2]   created PubIMU       -> isaacsim.ros2.bridge.ROS2PublishImu
[run_ros2]   created PubOdom      -> isaacsim.ros2.bridge.ROS2PublishOdometry
[run_ros2]   created PubRawTF     -> isaacsim.ros2.bridge.ROS2PublishRawTransformTree
[run_ros2]   created SubTwist     -> isaacsim.ros2.bridge.ROS2SubscribeTwist
[run_ros2]   created LidarROS2    -> isaacsim.ros2.bridge.ROS2RtxLidarHelper
[run_ros2] All graph nodes created under /World/ROS2ActionGraph.
[run_ros2] target rels written  ReadIMU.imuPrim=/World/Go2/base/imu  ComputeOdom.chassisPrim=/World/Go2/base
[run_ros2] Action graph built at /World/ROS2ActionGraph.
[phase5/kinematic] bound to /World/Go2/base  start_pos=[-4.00238037109375, -4.002379417419434, 0.5081638693809509]  start_yaw=0.785rad
[run_ros2] CmdVelDriver → LocomotionBackend='kinematic' articulation='/World/Go2/base'
[run_ros2] /cmd_vel driver attached (articulation). Topic: /cmd_vel
[run_ros2] Priming 12 physics frames before main loop (first run after a fresh boot may take ~10-30s for GPU shader compilation; subsequent runs are much faster) ...
[1m[93m2026-04-30T14:10:17Z [11,753ms] [Warning] [omni.fabric.plugin] USD->Fabric: Unhandled array type string[]
[0m/home/yiyuchenhu/isaacsim_5.1_backup/python.sh: line 73: 1484320 Killed                  $python_exe "${filtered_args[@]}" $args
There was an error running python

Script done on 2026-04-30 10:15:43-04:00 [COMMAND_EXIT_CODE="1"]
